<?xml version="1.0" encoding="UTF-8"?>
<!-- Generated by org.testng.reporters.JUnitXMLReporter -->
<testsuite hostname="DESKTOP-G8OVF02" ignored="0" name="Test" tests="6" failures="0" timestamp="2019-10-23T18:42:15 IST" time="0.31" errors="0">
  <testcase name="BrowserAUtomation" time="0.035" classname="qaclickAcadmy.SeleniumTest"/>
  <testcase name="elementsUi" time="0.009" classname="qaclickAcadmy.SeleniumTest"/>
  <testcase name="deleteTwitter" time="0.014" classname="qaclickAcadmy.RESTAPITest"/>
  <testcase name="postJira" time="0.014" classname="qaclickAcadmy.RESTAPITest"/>
  <testcase name="IOSApps" time="0.006" classname="qaclickAcadmy.AppiumTest"/>
  <testcase name="NativeAPpAndroid" time="0.016" classname="qaclickAcadmy.AppiumTest"/>
</testsuite> <!-- Test -->
